<?xml version="1.0" encoding="UTF-8"?>
<testsuite xmlns:xsi="http://www.w3.org/2001/XMLSchema-instance" xsi:noNamespaceSchemaLocation="https://maven.apache.org/surefire/maven-surefire-plugin/xsd/surefire-test-report-3.0.xsd" version="3.0" name="RationalTest" time="0.044" tests="7" errors="0" skipped="0" failures="0">
  <properties>
[...]
</properties>
  <testcase name="testAdd" classname="RationalTest" time="0.002"/>
  <testcase name="testSubtract" classname="RationalTest" time="0"/>
  <testcase name="testToString" classname="RationalTest" time="0"/>
  <testcase name="testCompareTo" classname="RationalTest" time="0"/>
  <testcase name="testDevide" classname="RationalTest" time="0"/>
  <testcase name="testEquals" classname="RationalTest" time="0"/>
  <testcase name="testMultiply" classname="RationalTest" time="0"/>
</testsuite>